# JRE version: Java(TM) SE Runtime Environment (8.0_111-b14) (build 1.8.0_111-b14)
# Java VM: Java HotSpot(TM) 64-Bit Server VM (25.111-b14 mixed mode windows-amd64 compressed oops)
Heap:
 PSYoungGen      total 98304K, used 52825K [0x00000000d7b80000, 0x00000000de700000, 0x0000000100000000)
  eden space 88576K, 59% used [0x00000000d7b80000,0x00000000daf16740,0x00000000dd200000)
  from space 9728K, 0% used [0x00000000ddb80000,0x00000000ddb80000,0x00000000de500000)
  to   space 9728K, 0% used [0x00000000dd200000,0x00000000dd200000,0x00000000ddb80000)
 ParOldGen       total 72704K, used 8698K [0x0000000087200000, 0x000000008b900000, 0x00000000d7b80000)
  object space 72704K, 11% used [0x0000000087200000,0x0000000087a7ea48,0x000000008b900000)
 Metaspace       used 36953K, capacity 38118K, committed 38232K, reserved 1083392K
  class space    used 4742K, capacity 5159K, committed 5248K, reserved 1048576K
GC Heap History (10 events):
Event: 4.694 GC heap before
{Heap before GC invocations=6 (full 1):
 PSYoungGen      total 36352K, used 31232K [0x00000000d7b80000, 0x00000000dc280000, 0x0000000100000000)
  eden space 31232K, 100% used [0x00000000d7b80000,0x00000000d9a00000,0x00000000d9a00000)
  from space 5120K, 0% used [0x00000000d9f00000,0x00000000d9f00000,0x00000000da400000)
  to   space 5120K, 0% used [0x00000000d9a00000,0x00000000d9a00000,0x00000000d9f00000)
 ParOldGen       total 49664K, used 5204K [0x0000000087200000, 0x000000008a280000, 0x00000000d7b80000)
  object space 49664K, 10% used [0x0000000087200000,0x0000000087715000,0x000000008a280000)
 Metaspace       used 24299K, capacity 24790K, committed 24832K, reserved 1071104K
  class space    used 2922K, capacity 3071K, committed 3072K, reserved 1048576K
Event: 4.705 GC heap after
Heap after GC invocations=6 (full 1):
 PSYoungGen      total 36352K, used 3096K [0x00000000d7b80000, 0x00000000dc180000, 0x0000000100000000)
  eden space 31232K, 0% used [0x00000000d7b80000,0x00000000d7b80000,0x00000000d9a00000)
  from space 5120K, 60% used [0x00000000d9a00000,0x00000000d9d060d0,0x00000000d9f00000)
  to   space 9216K, 0% used [0x00000000db880000,0x00000000db880000,0x00000000dc180000)
 ParOldGen       total 49664K, used 5212K [0x0000000087200000, 0x000000008a280000, 0x00000000d7b80000)
  object space 49664K, 10% used [0x0000000087200000,0x0000000087717000,0x000000008a280000)
 Metaspace       used 24299K, capacity 24790K, committed 24832K, reserved 1071104K
  class space    used 2922K, capacity 3071K, committed 3072K, reserved 1048576K
}
Event: 5.461 GC heap before
{Heap before GC invocations=7 (full 1):
 PSYoungGen      total 36352K, used 34328K [0x00000000d7b80000, 0x00000000dc180000, 0x0000000100000000)
  eden space 31232K, 100% used [0x00000000d7b80000,0x00000000d9a00000,0x00000000d9a00000)
  from space 5120K, 60% used [0x00000000d9a00000,0x00000000d9d060d0,0x00000000d9f00000)
  to   space 9216K, 0% used [0x00000000db880000,0x00000000db880000,0x00000000dc180000)
 ParOldGen       total 49664K, used 5212K [0x0000000087200000, 0x000000008a280000, 0x00000000d7b80000)
  object space 49664K, 10% used [0x0000000087200000,0x0000000087717000,0x000000008a280000)
 Metaspace       used 28126K, capacity 28834K, committed 29056K, reserved 1075200K
  class space    used 3395K, capacity 3651K, committed 3712K, reserved 1048576K
Event: 5.482 GC heap after
Heap after GC invocations=7 (full 1):
 PSYoungGen      total 61440K, used 5246K [0x00000000d7b80000, 0x00000000dc080000, 0x0000000100000000)
  eden space 53248K, 0% used [0x00000000d7b80000,0x00000000d7b80000,0x00000000daf80000)
  from space 8192K, 64% used [0x00000000db880000,0x00000000dbd9fb80,0x00000000dc080000)
  to   space 8704K, 0% used [0x00000000daf80000,0x00000000daf80000,0x00000000db800000)
 ParOldGen       total 49664K, used 5220K [0x0000000087200000, 0x000000008a280000, 0x00000000d7b80000)
  object space 49664K, 10% used [0x0000000087200000,0x0000000087719000,0x000000008a280000)
 Metaspace       used 28126K, capacity 28834K, committed 29056K, reserved 1075200K
  class space    used 3395K, capacity 3651K, committed 3712K, reserved 1048576K
}
Event: 6.739 GC heap before
{Heap before GC invocations=8 (full 1):
 PSYoungGen      total 61440K, used 58494K [0x00000000d7b80000, 0x00000000dc080000, 0x0000000100000000)
  eden space 53248K, 100% used [0x00000000d7b80000,0x00000000daf80000,0x00000000daf80000)
  from space 8192K, 64% used [0x00000000db880000,0x00000000dbd9fb80,0x00000000dc080000)
  to   space 8704K, 0% used [0x00000000daf80000,0x00000000daf80000,0x00000000db800000)
 ParOldGen       total 49664K, used 5220K [0x0000000087200000, 0x000000008a280000, 0x00000000d7b80000)
  object space 49664K, 10% used [0x0000000087200000,0x0000000087719000,0x000000008a280000)
 Metaspace       used 32751K, capacity 33740K, committed 34048K, reserved 1079296K
  class space    used 4109K, capacity 4482K, committed 4608K, reserved 1048576K
Event: 6.748 GC heap after
Heap after GC invocations=8 (full 1):
 PSYoungGen      total 61952K, used 8134K [0x00000000d7b80000, 0x00000000de500000, 0x0000000100000000)
  eden space 53248K, 0% used [0x00000000d7b80000,0x00000000d7b80000,0x00000000daf80000)
  from space 8704K, 93% used [0x00000000daf80000,0x00000000db771b60,0x00000000db800000)
  to   space 9728K, 0% used [0x00000000ddb80000,0x00000000ddb80000,0x00000000de500000)
 ParOldGen       total 49664K, used 5228K [0x0000000087200000, 0x000000008a280000, 0x00000000d7b80000)
  object space 49664K, 10% used [0x0000000087200000,0x000000008771b000,0x000000008a280000)
 Metaspace       used 32751K, capacity 33740K, committed 34048K, reserved 1079296K
  class space    used 4109K, capacity 4482K, committed 4608K, reserved 1048576K
}
Event: 6.986 GC heap before
{Heap before GC invocations=9 (full 1):
 PSYoungGen      total 61952K, used 27107K [0x00000000d7b80000, 0x00000000de500000, 0x0000000100000000)
  eden space 53248K, 35% used [0x00000000d7b80000,0x00000000d8e07380,0x00000000daf80000)
  from space 8704K, 93% used [0x00000000daf80000,0x00000000db771b60,0x00000000db800000)
  to   space 9728K, 0% used [0x00000000ddb80000,0x00000000ddb80000,0x00000000de500000)
 ParOldGen       total 49664K, used 5228K [0x0000000087200000, 0x000000008a280000, 0x00000000d7b80000)
  object space 49664K, 10% used [0x0000000087200000,0x000000008771b000,0x000000008a280000)
 Metaspace       used 34384K, capacity 35346K, committed 35416K, reserved 1079296K
  class space    used 4363K, capacity 4717K, committed 4736K, reserved 1048576K
Event: 6.995 GC heap after
Heap after GC invocations=9 (full 1):
 PSYoungGen      total 98304K, used 4512K [0x00000000d7b80000, 0x00000000de700000, 0x0000000100000000)
  eden space 88576K, 0% used [0x00000000d7b80000,0x00000000d7b80000,0x00000000dd200000)
  from space 9728K, 46% used [0x00000000ddb80000,0x00000000ddfe8088,0x00000000de500000)
  to   space 9728K, 0% used [0x00000000dd200000,0x00000000dd200000,0x00000000ddb80000)
 ParOldGen       total 49664K, used 5236K [0x0000000087200000, 0x000000008a280000, 0x00000000d7b80000)
  object space 49664K, 10% used [0x0000000087200000,0x000000008771d000,0x000000008a280000)
 Metaspace       used 34384K, capacity 35346K, committed 35416K, reserved 1079296K
  class space    used 4363K, capacity 4717K, committed 4736K, reserved 1048576K
}
Event: 6.995 GC heap before
{Heap before GC invocations=10 (full 2):
 PSYoungGen      total 98304K, used 4512K [0x00000000d7b80000, 0x00000000de700000, 0x0000000100000000)
  eden space 88576K, 0% used [0x00000000d7b80000,0x00000000d7b80000,0x00000000dd200000)
  from space 9728K, 46% used [0x00000000ddb80000,0x00000000ddfe8088,0x00000000de500000)
  to   space 9728K, 0% used [0x00000000dd200000,0x00000000dd200000,0x00000000ddb80000)
 ParOldGen       total 49664K, used 5236K [0x0000000087200000, 0x000000008a280000, 0x00000000d7b80000)
  object space 49664K, 10% used [0x0000000087200000,0x000000008771d000,0x000000008a280000)
 Metaspace       used 34384K, capacity 35346K, committed 35416K, reserved 1079296K
  class space    used 4363K, capacity 4717K, committed 4736K, reserved 1048576K
Event: 7.091 GC heap after
Heap after GC invocations=10 (full 2):
 PSYoungGen      total 98304K, used 0K [0x00000000d7b80000, 0x00000000de700000, 0x0000000100000000)
  eden space 88576K, 0% used [0x00000000d7b80000,0x00000000d7b80000,0x00000000dd200000)
  from space 9728K, 0% used [0x00000000ddb80000,0x00000000ddb80000,0x00000000de500000)
  to   space 9728K, 0% used [0x00000000dd200000,0x00000000dd200000,0x00000000ddb80000)
 ParOldGen       total 72704K, used 8698K [0x0000000087200000, 0x000000008b900000, 0x00000000d7b80000)
  object space 72704K, 11% used [0x0000000087200000,0x0000000087a7ea48,0x000000008b900000)
 Metaspace       used 34384K, capacity 35346K, committed 35416K, reserved 1079296K
  class space    used 4363K, capacity 4717K, committed 4736K, reserved 1048576K
}

