# JRE version: Java(TM) SE Runtime Environment (8.0_111-b14) (build 1.8.0_111-b14)
# Java VM: Java HotSpot(TM) 64-Bit Server VM (25.111-b14 mixed mode windows-amd64 compressed oops)
Heap:
 PSYoungGen      total 57856K, used 50430K [0x00000000d7b80000, 0x00000000dbe00000, 0x0000000100000000)
  eden space 50688K, 89% used [0x00000000d7b80000,0x00000000da7923a8,0x00000000dad00000)
  from space 7168K, 73% used [0x00000000db700000,0x00000000dbc2d768,0x00000000dbe00000)
  to   space 8704K, 0% used [0x00000000dad00000,0x00000000dad00000,0x00000000db580000)
 ParOldGen       total 49664K, used 5236K [0x0000000087200000, 0x000000008a280000, 0x00000000d7b80000)
  object space 49664K, 10% used [0x0000000087200000,0x000000008771d008,0x000000008a280000)
 Metaspace       used 32063K, capacity 33024K, committed 33152K, reserved 1077248K
  class space    used 4013K, capacity 4400K, committed 4480K, reserved 1048576K
GC Heap History (10 events):
Event: 3.863 GC heap before
{Heap before GC invocations=3 (full 0):
 PSYoungGen      total 36352K, used 36325K [0x00000000d7b80000, 0x00000000da400000, 0x0000000100000000)
  eden space 31232K, 100% used [0x00000000d7b80000,0x00000000d9a00000,0x00000000d9a00000)
  from space 5120K, 99% used [0x00000000d9f00000,0x00000000da3f9420,0x00000000da400000)
  to   space 5120K, 0% used [0x00000000d9a00000,0x00000000d9a00000,0x00000000d9f00000)
 ParOldGen       total 83456K, used 3602K [0x0000000087200000, 0x000000008c380000, 0x00000000d7b80000)
  object space 83456K, 4% used [0x0000000087200000,0x0000000087584838,0x000000008c380000)
 Metaspace       used 20211K, capacity 20602K, committed 20736K, reserved 1067008K
  class space    used 2313K, capacity 2436K, committed 2560K, reserved 1048576K
Event: 3.891 GC heap after
Heap after GC invocations=3 (full 0):
 PSYoungGen      total 36352K, used 5098K [0x00000000d7b80000, 0x00000000da400000, 0x0000000100000000)
  eden space 31232K, 0% used [0x00000000d7b80000,0x00000000d7b80000,0x00000000d9a00000)
  from space 5120K, 99% used [0x00000000d9a00000,0x00000000d9efaa40,0x00000000d9f00000)
  to   space 5120K, 0% used [0x00000000d9f00000,0x00000000d9f00000,0x00000000da400000)
 ParOldGen       total 83456K, used 5416K [0x0000000087200000, 0x000000008c380000, 0x00000000d7b80000)
  object space 83456K, 6% used [0x0000000087200000,0x000000008774a050,0x000000008c380000)
 Metaspace       used 20211K, capacity 20602K, committed 20736K, reserved 1067008K
  class space    used 2313K, capacity 2436K, committed 2560K, reserved 1048576K
}
Event: 4.000 GC heap before
{Heap before GC invocations=4 (full 0):
 PSYoungGen      total 36352K, used 16109K [0x00000000d7b80000, 0x00000000da400000, 0x0000000100000000)
  eden space 31232K, 35% used [0x00000000d7b80000,0x00000000d8640b38,0x00000000d9a00000)
  from space 5120K, 99% used [0x00000000d9a00000,0x00000000d9efaa40,0x00000000d9f00000)
  to   space 5120K, 0% used [0x00000000d9f00000,0x00000000d9f00000,0x00000000da400000)
 ParOldGen       total 83456K, used 5416K [0x0000000087200000, 0x000000008c380000, 0x00000000d7b80000)
  object space 83456K, 6% used [0x0000000087200000,0x000000008774a050,0x000000008c380000)
 Metaspace       used 20850K, capacity 21210K, committed 21248K, reserved 1069056K
  class space    used 2409K, capacity 2532K, committed 2560K, reserved 1048576K
Event: 4.009 GC heap after
Heap after GC invocations=4 (full 0):
 PSYoungGen      total 36352K, used 5101K [0x00000000d7b80000, 0x00000000da400000, 0x0000000100000000)
  eden space 31232K, 0% used [0x00000000d7b80000,0x00000000d7b80000,0x00000000d9a00000)
  from space 5120K, 99% used [0x00000000d9f00000,0x00000000da3fb6c0,0x00000000da400000)
  to   space 5120K, 0% used [0x00000000d9a00000,0x00000000d9a00000,0x00000000d9f00000)
 ParOldGen       total 83456K, used 5620K [0x0000000087200000, 0x000000008c380000, 0x00000000d7b80000)
  object space 83456K, 6% used [0x0000000087200000,0x000000008777d350,0x000000008c380000)
 Metaspace       used 20850K, capacity 21210K, committed 21248K, reserved 1069056K
  class space    used 2409K, capacity 2532K, committed 2560K, reserved 1048576K
}
Event: 4.009 GC heap before
{Heap before GC invocations=5 (full 1):
 PSYoungGen      total 36352K, used 5101K [0x00000000d7b80000, 0x00000000da400000, 0x0000000100000000)
  eden space 31232K, 0% used [0x00000000d7b80000,0x00000000d7b80000,0x00000000d9a00000)
  from space 5120K, 99% used [0x00000000d9f00000,0x00000000da3fb6c0,0x00000000da400000)
  to   space 5120K, 0% used [0x00000000d9a00000,0x00000000d9a00000,0x00000000d9f00000)
 ParOldGen       total 83456K, used 5620K [0x0000000087200000, 0x000000008c380000, 0x00000000d7b80000)
  object space 83456K, 6% used [0x0000000087200000,0x000000008777d350,0x000000008c380000)
 Metaspace       used 20850K, capacity 21210K, committed 21248K, reserved 1069056K
  class space    used 2409K, capacity 2532K, committed 2560K, reserved 1048576K
Event: 4.059 GC heap after
Heap after GC invocations=5 (full 1):
 PSYoungGen      total 36352K, used 0K [0x00000000d7b80000, 0x00000000da400000, 0x0000000100000000)
  eden space 31232K, 0% used [0x00000000d7b80000,0x00000000d7b80000,0x00000000d9a00000)
  from space 5120K, 0% used [0x00000000d9f00000,0x00000000d9f00000,0x00000000da400000)
  to   space 5120K, 0% used [0x00000000d9a00000,0x00000000d9a00000,0x00000000d9f00000)
 ParOldGen       total 49664K, used 5220K [0x0000000087200000, 0x000000008a280000, 0x00000000d7b80000)
  object space 49664K, 10% used [0x0000000087200000,0x0000000087719008,0x000000008a280000)
 Metaspace       used 20850K, capacity 21210K, committed 21248K, reserved 1069056K
  class space    used 2409K, capacity 2532K, committed 2560K, reserved 1048576K
}
Event: 4.610 GC heap before
{Heap before GC invocations=6 (full 1):
 PSYoungGen      total 36352K, used 31232K [0x00000000d7b80000, 0x00000000da400000, 0x0000000100000000)
  eden space 31232K, 100% used [0x00000000d7b80000,0x00000000d9a00000,0x00000000d9a00000)
  from space 5120K, 0% used [0x00000000d9f00000,0x00000000d9f00000,0x00000000da400000)
  to   space 5120K, 0% used [0x00000000d9a00000,0x00000000d9a00000,0x00000000d9f00000)
 ParOldGen       total 49664K, used 5220K [0x0000000087200000, 0x000000008a280000, 0x00000000d7b80000)
  object space 49664K, 10% used [0x0000000087200000,0x0000000087719008,0x000000008a280000)
 Metaspace       used 24305K, capacity 24790K, committed 24832K, reserved 1071104K
  class space    used 2923K, capacity 3071K, committed 3072K, reserved 1048576K
Event: 4.614 GC heap after
Heap after GC invocations=6 (full 1):
 PSYoungGen      total 36352K, used 3106K [0x00000000d7b80000, 0x00000000dc000000, 0x0000000100000000)
  eden space 31232K, 0% used [0x00000000d7b80000,0x00000000d7b80000,0x00000000d9a00000)
  from space 5120K, 60% used [0x00000000d9a00000,0x00000000d9d08888,0x00000000d9f00000)
  to   space 9216K, 0% used [0x00000000db700000,0x00000000db700000,0x00000000dc000000)
 ParOldGen       total 49664K, used 5228K [0x0000000087200000, 0x000000008a280000, 0x00000000d7b80000)
  object space 49664K, 10% used [0x0000000087200000,0x000000008771b008,0x000000008a280000)
 Metaspace       used 24305K, capacity 24790K, committed 24832K, reserved 1071104K
  class space    used 2923K, capacity 3071K, committed 3072K, reserved 1048576K
}
Event: 5.170 GC heap before
{Heap before GC invocations=7 (full 1):
 PSYoungGen      total 36352K, used 34338K [0x00000000d7b80000, 0x00000000dc000000, 0x0000000100000000)
  eden space 31232K, 100% used [0x00000000d7b80000,0x00000000d9a00000,0x00000000d9a00000)
  from space 5120K, 60% used [0x00000000d9a00000,0x00000000d9d08888,0x00000000d9f00000)
  to   space 9216K, 0% used [0x00000000db700000,0x00000000db700000,0x00000000dc000000)
 ParOldGen       total 49664K, used 5228K [0x0000000087200000, 0x000000008a280000, 0x00000000d7b80000)
  object space 49664K, 10% used [0x0000000087200000,0x000000008771b008,0x000000008a280000)
 Metaspace       used 28102K, capacity 28830K, committed 29056K, reserved 1075200K
  class space    used 3396K, capacity 3651K, committed 3712K, reserved 1048576K
Event: 5.177 GC heap after
Heap after GC invocations=7 (full 1):
 PSYoungGen      total 57856K, used 5301K [0x00000000d7b80000, 0x00000000dbe00000, 0x0000000100000000)
  eden space 50688K, 0% used [0x00000000d7b80000,0x00000000d7b80000,0x00000000dad00000)
  from space 7168K, 73% used [0x00000000db700000,0x00000000dbc2d768,0x00000000dbe00000)
  to   space 8704K, 0% used [0x00000000dad00000,0x00000000dad00000,0x00000000db580000)
 ParOldGen       total 49664K, used 5236K [0x0000000087200000, 0x000000008a280000, 0x00000000d7b80000)
  object space 49664K, 10% used [0x0000000087200000,0x000000008771d008,0x000000008a280000)
 Metaspace       used 28102K, capacity 28830K, committed 29056K, reserved 1075200K
  class space    used 3396K, capacity 3651K, committed 3712K, reserved 1048576K
}

